<?xml version="1.0" encoding="UTF-8"?>
<testng-results skipped="0" failed="0" ignored="0" total="1" passed="1">
  <reporter-output>
  </reporter-output>
  <suite name="Default suite" duration-ms="24050" started-at="2020-09-16T22:24:52Z" finished-at="2020-09-16T22:25:16Z">
    <groups>
    </groups>
    <test name="Default test" duration-ms="24050" started-at="2020-09-16T22:24:52Z" finished-at="2020-09-16T22:25:16Z">
      <class name="test.VerifyIcelandSignInTest">
        <test-method status="PASS" signature="SigInTest()[pri:0, instance:test.VerifyIcelandSignInTest@7ac7a4e4]" name="SigInTest" duration-ms="24034" started-at="2020-09-16T23:24:52Z" finished-at="2020-09-16T23:25:16Z">
          <reporter-output>
          </reporter-output>
        </test-method> <!-- SigInTest -->
      </class> <!-- test.VerifyIcelandSignInTest -->
    </test> <!-- Default test -->
  </suite> <!-- Default suite -->
</testng-results>
